[2022-06-22 03:05:29] local.ERROR: Client error: `POST http://localhost:8000/users` resulted in a `422 Unprocessable Content` response:
{"error":{"username":["The username field is required."],"password":["The password field is required."],"gender":["The g (truncated...)
 {"exception":"[object] (GuzzleHttp\\Exception\\ClientException(code: 422): Client error: `POST http://localhost:8000/users` resulted in a `422 Unprocessable Content` response:
{\"error\":{\"username\":[\"The username field is required.\"],\"password\":[\"The password field is required.\"],\"gender\":[\"The g (truncated...)
 at Z:\\Xampp\\php\\toothless\\APIgateway\\ddsgateway\\vendor\\guzzlehttp\\guzzle\\src\\Exception\\RequestException.php:113)
[stacktrace]
#0 Z:\\Xampp\\php\\toothless\\APIgateway\\ddsgateway\\vendor\\guzzlehttp\\guzzle\\src\\Middleware.php(69): GuzzleHttp\\Exception\\RequestException::create(Object(GuzzleHttp\\Psr7\\Request), Object(GuzzleHttp\\Psr7\\Response), NULL, Array, NULL)
#1 Z:\\Xampp\\php\\toothless\\APIgateway\\ddsgateway\\vendor\\guzzlehttp\\promises\\src\\Promise.php(204): GuzzleHttp\\Middleware::GuzzleHttp\\{closure}(Object(GuzzleHttp\\Psr7\\Response))
#2 Z:\\Xampp\\php\\toothless\\APIgateway\\ddsgateway\\vendor\\guzzlehttp\\promises\\src\\Promise.php(153): GuzzleHttp\\Promise\\Promise::callHandler(1, Object(GuzzleHttp\\Psr7\\Response), NULL)
#3 Z:\\Xampp\\php\\toothless\\APIgateway\\ddsgateway\\vendor\\guzzlehttp\\promises\\src\\TaskQueue.php(48): GuzzleHttp\\Promise\\Promise::GuzzleHttp\\Promise\\{closure}()
#4 Z:\\Xampp\\php\\toothless\\APIgateway\\ddsgateway\\vendor\\guzzlehttp\\promises\\src\\Promise.php(248): GuzzleHttp\\Promise\\TaskQueue->run(true)
#5 Z:\\Xampp\\php\\toothless\\APIgateway\\ddsgateway\\vendor\\guzzlehttp\\promises\\src\\Promise.php(224): GuzzleHttp\\Promise\\Promise->invokeWaitFn()
#6 Z:\\Xampp\\php\\toothless\\APIgateway\\ddsgateway\\vendor\\guzzlehttp\\promises\\src\\Promise.php(269): GuzzleHttp\\Promise\\Promise->waitIfPending()
#7 Z:\\Xampp\\php\\toothless\\APIgateway\\ddsgateway\\vendor\\guzzlehttp\\promises\\src\\Promise.php(226): GuzzleHttp\\Promise\\Promise->invokeWaitList()
#8 Z:\\Xampp\\php\\toothless\\APIgateway\\ddsgateway\\vendor\\guzzlehttp\\promises\\src\\Promise.php(62): GuzzleHttp\\Promise\\Promise->waitIfPending()
#9 Z:\\Xampp\\php\\toothless\\APIgateway\\ddsgateway\\vendor\\guzzlehttp\\guzzle\\src\\Client.php(187): GuzzleHttp\\Promise\\Promise->wait()
#10 Z:\\Xampp\\php\\toothless\\APIgateway\\ddsgateway\\app\\traits\\ConsumesExternalService.php(18): GuzzleHttp\\Client->request('POST', '/users', Array)
#11 Z:\\Xampp\\php\\toothless\\APIgateway\\ddsgateway\\app\\Services\\User1Service.php(23): App\\Services\\User1Service->performRequest('POST', '/users', Array)
#12 Z:\\Xampp\\php\\toothless\\APIgateway\\ddsgateway\\app\\Http\\Controllers\\User1Controller.php(42): App\\Services\\User1Service->createUser1(Array, 201)
#13 Z:\\Xampp\\php\\toothless\\APIgateway\\ddsgateway\\vendor\\illuminate\\container\\BoundMethod.php(36): App\\Http\\Controllers\\User1Controller->add(Object(Laravel\\Lumen\\Http\\Request))
#14 Z:\\Xampp\\php\\toothless\\APIgateway\\ddsgateway\\vendor\\illuminate\\container\\Util.php(40): Illuminate\\Container\\BoundMethod::Illuminate\\Container\\{closure}()
#15 Z:\\Xampp\\php\\toothless\\APIgateway\\ddsgateway\\vendor\\illuminate\\container\\BoundMethod.php(93): Illuminate\\Container\\Util::unwrapIfClosure(Object(Closure))
#16 Z:\\Xampp\\php\\toothless\\APIgateway\\ddsgateway\\vendor\\illuminate\\container\\BoundMethod.php(37): Illuminate\\Container\\BoundMethod::callBoundMethod(Object(Laravel\\Lumen\\Application), Array, Object(Closure))
#17 Z:\\Xampp\\php\\toothless\\APIgateway\\ddsgateway\\vendor\\illuminate\\container\\Container.php(653): Illuminate\\Container\\BoundMethod::call(Object(Laravel\\Lumen\\Application), Array, Array, NULL)
#18 Z:\\Xampp\\php\\toothless\\APIgateway\\ddsgateway\\vendor\\laravel\\lumen-framework\\src\\Concerns\\RoutesRequests.php(389): Illuminate\\Container\\Container->call(Array, Array)
#19 Z:\\Xampp\\php\\toothless\\APIgateway\\ddsgateway\\vendor\\laravel\\lumen-framework\\src\\Concerns\\RoutesRequests.php(355): Laravel\\Lumen\\Application->callControllerCallable(Array, Array)
#20 Z:\\Xampp\\php\\toothless\\APIgateway\\ddsgateway\\vendor\\laravel\\lumen-framework\\src\\Concerns\\RoutesRequests.php(329): Laravel\\Lumen\\Application->callLumenController(Object(App\\Http\\Controllers\\User1Controller), 'add', Array)
#21 Z:\\Xampp\\php\\toothless\\APIgateway\\ddsgateway\\vendor\\laravel\\lumen-framework\\src\\Concerns\\RoutesRequests.php(282): Laravel\\Lumen\\Application->callControllerAction(Array)
#22 Z:\\Xampp\\php\\toothless\\APIgateway\\ddsgateway\\vendor\\laravel\\lumen-framework\\src\\Concerns\\RoutesRequests.php(267): Laravel\\Lumen\\Application->callActionOnArrayBasedRoute(Array)
#23 Z:\\Xampp\\php\\toothless\\APIgateway\\ddsgateway\\vendor\\laravel\\lumen-framework\\src\\Concerns\\RoutesRequests.php(169): Laravel\\Lumen\\Application->handleFoundRoute(Array)
#24 Z:\\Xampp\\php\\toothless\\APIgateway\\ddsgateway\\vendor\\laravel\\lumen-framework\\src\\Concerns\\RoutesRequests.php(429): Laravel\\Lumen\\Application->Laravel\\Lumen\\Concerns\\{closure}(Object(Laravel\\Lumen\\Http\\Request))
#25 Z:\\Xampp\\php\\toothless\\APIgateway\\ddsgateway\\vendor\\laravel\\lumen-framework\\src\\Concerns\\RoutesRequests.php(175): Laravel\\Lumen\\Application->sendThroughPipeline(Array, Object(Closure))
#26 Z:\\Xampp\\php\\toothless\\APIgateway\\ddsgateway\\vendor\\laravel\\lumen-framework\\src\\Concerns\\RoutesRequests.php(112): Laravel\\Lumen\\Application->dispatch(NULL)
#27 Z:\\Xampp\\php\\toothless\\APIgateway\\ddsgateway\\public\\index.php(28): Laravel\\Lumen\\Application->run()
#28 {main}
"} 
[2022-06-22 03:06:40] local.ERROR: Client error: `POST http://localhost:8000/users` resulted in a `422 Unprocessable Content` response:
{"error":{"username":["The username field is required."],"password":["The password field is required."],"gender":["The g (truncated...)
 {"exception":"[object] (GuzzleHttp\\Exception\\ClientException(code: 422): Client error: `POST http://localhost:8000/users` resulted in a `422 Unprocessable Content` response:
{\"error\":{\"username\":[\"The username field is required.\"],\"password\":[\"The password field is required.\"],\"gender\":[\"The g (truncated...)
 at Z:\\Xampp\\php\\toothless\\APIgateway\\ddsgateway\\vendor\\guzzlehttp\\guzzle\\src\\Exception\\RequestException.php:113)
[stacktrace]
#0 Z:\\Xampp\\php\\toothless\\APIgateway\\ddsgateway\\vendor\\guzzlehttp\\guzzle\\src\\Middleware.php(69): GuzzleHttp\\Exception\\RequestException::create(Object(GuzzleHttp\\Psr7\\Request), Object(GuzzleHttp\\Psr7\\Response), NULL, Array, NULL)
#1 Z:\\Xampp\\php\\toothless\\APIgateway\\ddsgateway\\vendor\\guzzlehttp\\promises\\src\\Promise.php(204): GuzzleHttp\\Middleware::GuzzleHttp\\{closure}(Object(GuzzleHttp\\Psr7\\Response))
#2 Z:\\Xampp\\php\\toothless\\APIgateway\\ddsgateway\\vendor\\guzzlehttp\\promises\\src\\Promise.php(153): GuzzleHttp\\Promise\\Promise::callHandler(1, Object(GuzzleHttp\\Psr7\\Response), NULL)
#3 Z:\\Xampp\\php\\toothless\\APIgateway\\ddsgateway\\vendor\\guzzlehttp\\promises\\src\\TaskQueue.php(48): GuzzleHttp\\Promise\\Promise::GuzzleHttp\\Promise\\{closure}()
#4 Z:\\Xampp\\php\\toothless\\APIgateway\\ddsgateway\\vendor\\guzzlehttp\\promises\\src\\Promise.php(248): GuzzleHttp\\Promise\\TaskQueue->run(true)
#5 Z:\\Xampp\\php\\toothless\\APIgateway\\ddsgateway\\vendor\\guzzlehttp\\promises\\src\\Promise.php(224): GuzzleHttp\\Promise\\Promise->invokeWaitFn()
#6 Z:\\Xampp\\php\\toothless\\APIgateway\\ddsgateway\\vendor\\guzzlehttp\\promises\\src\\Promise.php(269): GuzzleHttp\\Promise\\Promise->waitIfPending()
#7 Z:\\Xampp\\php\\toothless\\APIgateway\\ddsgateway\\vendor\\guzzlehttp\\promises\\src\\Promise.php(226): GuzzleHttp\\Promise\\Promise->invokeWaitList()
#8 Z:\\Xampp\\php\\toothless\\APIgateway\\ddsgateway\\vendor\\guzzlehttp\\promises\\src\\Promise.php(62): GuzzleHttp\\Promise\\Promise->waitIfPending()
#9 Z:\\Xampp\\php\\toothless\\APIgateway\\ddsgateway\\vendor\\guzzlehttp\\guzzle\\src\\Client.php(187): GuzzleHttp\\Promise\\Promise->wait()
#10 Z:\\Xampp\\php\\toothless\\APIgateway\\ddsgateway\\app\\traits\\ConsumesExternalService.php(18): GuzzleHttp\\Client->request('POST', '/users', Array)
#11 Z:\\Xampp\\php\\toothless\\APIgateway\\ddsgateway\\app\\Services\\User1Service.php(23): App\\Services\\User1Service->performRequest('POST', '/users', Array)
#12 Z:\\Xampp\\php\\toothless\\APIgateway\\ddsgateway\\app\\Http\\Controllers\\User1Controller.php(42): App\\Services\\User1Service->createUser1(Array, 201)
#13 Z:\\Xampp\\php\\toothless\\APIgateway\\ddsgateway\\vendor\\illuminate\\container\\BoundMethod.php(36): App\\Http\\Controllers\\User1Controller->add(Object(Laravel\\Lumen\\Http\\Request))
#14 Z:\\Xampp\\php\\toothless\\APIgateway\\ddsgateway\\vendor\\illuminate\\container\\Util.php(40): Illuminate\\Container\\BoundMethod::Illuminate\\Container\\{closure}()
#15 Z:\\Xampp\\php\\toothless\\APIgateway\\ddsgateway\\vendor\\illuminate\\container\\BoundMethod.php(93): Illuminate\\Container\\Util::unwrapIfClosure(Object(Closure))
#16 Z:\\Xampp\\php\\toothless\\APIgateway\\ddsgateway\\vendor\\illuminate\\container\\BoundMethod.php(37): Illuminate\\Container\\BoundMethod::callBoundMethod(Object(Laravel\\Lumen\\Application), Array, Object(Closure))
#17 Z:\\Xampp\\php\\toothless\\APIgateway\\ddsgateway\\vendor\\illuminate\\container\\Container.php(653): Illuminate\\Container\\BoundMethod::call(Object(Laravel\\Lumen\\Application), Array, Array, NULL)
#18 Z:\\Xampp\\php\\toothless\\APIgateway\\ddsgateway\\vendor\\laravel\\lumen-framework\\src\\Concerns\\RoutesRequests.php(389): Illuminate\\Container\\Container->call(Array, Array)
#19 Z:\\Xampp\\php\\toothless\\APIgateway\\ddsgateway\\vendor\\laravel\\lumen-framework\\src\\Concerns\\RoutesRequests.php(355): Laravel\\Lumen\\Application->callControllerCallable(Array, Array)
#20 Z:\\Xampp\\php\\toothless\\APIgateway\\ddsgateway\\vendor\\laravel\\lumen-framework\\src\\Concerns\\RoutesRequests.php(329): Laravel\\Lumen\\Application->callLumenController(Object(App\\Http\\Controllers\\User1Controller), 'add', Array)
#21 Z:\\Xampp\\php\\toothless\\APIgateway\\ddsgateway\\vendor\\laravel\\lumen-framework\\src\\Concerns\\RoutesRequests.php(282): Laravel\\Lumen\\Application->callControllerAction(Array)
#22 Z:\\Xampp\\php\\toothless\\APIgateway\\ddsgateway\\vendor\\laravel\\lumen-framework\\src\\Concerns\\RoutesRequests.php(267): Laravel\\Lumen\\Application->callActionOnArrayBasedRoute(Array)
#23 Z:\\Xampp\\php\\toothless\\APIgateway\\ddsgateway\\vendor\\laravel\\lumen-framework\\src\\Concerns\\RoutesRequests.php(169): Laravel\\Lumen\\Application->handleFoundRoute(Array)
#24 Z:\\Xampp\\php\\toothless\\APIgateway\\ddsgateway\\vendor\\laravel\\lumen-framework\\src\\Concerns\\RoutesRequests.php(429): Laravel\\Lumen\\Application->Laravel\\Lumen\\Concerns\\{closure}(Object(Laravel\\Lumen\\Http\\Request))
#25 Z:\\Xampp\\php\\toothless\\APIgateway\\ddsgateway\\vendor\\laravel\\lumen-framework\\src\\Concerns\\RoutesRequests.php(175): Laravel\\Lumen\\Application->sendThroughPipeline(Array, Object(Closure))
#26 Z:\\Xampp\\php\\toothless\\APIgateway\\ddsgateway\\vendor\\laravel\\lumen-framework\\src\\Concerns\\RoutesRequests.php(112): Laravel\\Lumen\\Application->dispatch(NULL)
#27 Z:\\Xampp\\php\\toothless\\APIgateway\\ddsgateway\\public\\index.php(28): Laravel\\Lumen\\Application->run()
#28 {main}
"} 
[2022-06-22 03:08:59] local.ERROR: Server error: `POST http://localhost:8000/users` resulted in a `500 Internal Server Error` response:
<!-- SQLSTATE[HY000]: General error: 1364 Field 'Name' doesn't have a default value (SQL: insert into `tbluser` (`id`) v (truncated...)
 {"exception":"[object] (GuzzleHttp\\Exception\\ServerException(code: 500): Server error: `POST http://localhost:8000/users` resulted in a `500 Internal Server Error` response:
<!-- SQLSTATE[HY000]: General error: 1364 Field 'Name' doesn't have a default value (SQL: insert into `tbluser` (`id`) v (truncated...)
 at Z:\\Xampp\\php\\toothless\\APIgateway\\ddsgateway\\vendor\\guzzlehttp\\guzzle\\src\\Exception\\RequestException.php:113)
[stacktrace]
#0 Z:\\Xampp\\php\\toothless\\APIgateway\\ddsgateway\\vendor\\guzzlehttp\\guzzle\\src\\Middleware.php(69): GuzzleHttp\\Exception\\RequestException::create(Object(GuzzleHttp\\Psr7\\Request), Object(GuzzleHttp\\Psr7\\Response), NULL, Array, NULL)
#1 Z:\\Xampp\\php\\toothless\\APIgateway\\ddsgateway\\vendor\\guzzlehttp\\promises\\src\\Promise.php(204): GuzzleHttp\\Middleware::GuzzleHttp\\{closure}(Object(GuzzleHttp\\Psr7\\Response))
#2 Z:\\Xampp\\php\\toothless\\APIgateway\\ddsgateway\\vendor\\guzzlehttp\\promises\\src\\Promise.php(153): GuzzleHttp\\Promise\\Promise::callHandler(1, Object(GuzzleHttp\\Psr7\\Response), NULL)
#3 Z:\\Xampp\\php\\toothless\\APIgateway\\ddsgateway\\vendor\\guzzlehttp\\promises\\src\\TaskQueue.php(48): GuzzleHttp\\Promise\\Promise::GuzzleHttp\\Promise\\{closure}()
#4 Z:\\Xampp\\php\\toothless\\APIgateway\\ddsgateway\\vendor\\guzzlehttp\\promises\\src\\Promise.php(248): GuzzleHttp\\Promise\\TaskQueue->run(true)
#5 Z:\\Xampp\\php\\toothless\\APIgateway\\ddsgateway\\vendor\\guzzlehttp\\promises\\src\\Promise.php(224): GuzzleHttp\\Promise\\Promise->invokeWaitFn()
#6 Z:\\Xampp\\php\\toothless\\APIgateway\\ddsgateway\\vendor\\guzzlehttp\\promises\\src\\Promise.php(269): GuzzleHttp\\Promise\\Promise->waitIfPending()
#7 Z:\\Xampp\\php\\toothless\\APIgateway\\ddsgateway\\vendor\\guzzlehttp\\promises\\src\\Promise.php(226): GuzzleHttp\\Promise\\Promise->invokeWaitList()
#8 Z:\\Xampp\\php\\toothless\\APIgateway\\ddsgateway\\vendor\\guzzlehttp\\promises\\src\\Promise.php(62): GuzzleHttp\\Promise\\Promise->waitIfPending()
#9 Z:\\Xampp\\php\\toothless\\APIgateway\\ddsgateway\\vendor\\guzzlehttp\\guzzle\\src\\Client.php(187): GuzzleHttp\\Promise\\Promise->wait()
#10 Z:\\Xampp\\php\\toothless\\APIgateway\\ddsgateway\\app\\traits\\ConsumesExternalService.php(18): GuzzleHttp\\Client->request('POST', '/users', Array)
#11 Z:\\Xampp\\php\\toothless\\APIgateway\\ddsgateway\\app\\Services\\User1Service.php(23): App\\Services\\User1Service->performRequest('POST', '/users', Array)
#12 Z:\\Xampp\\php\\toothless\\APIgateway\\ddsgateway\\app\\Http\\Controllers\\User1Controller.php(42): App\\Services\\User1Service->createUser1(Array, 201)
#13 Z:\\Xampp\\php\\toothless\\APIgateway\\ddsgateway\\vendor\\illuminate\\container\\BoundMethod.php(36): App\\Http\\Controllers\\User1Controller->add(Object(Laravel\\Lumen\\Http\\Request))
#14 Z:\\Xampp\\php\\toothless\\APIgateway\\ddsgateway\\vendor\\illuminate\\container\\Util.php(40): Illuminate\\Container\\BoundMethod::Illuminate\\Container\\{closure}()
#15 Z:\\Xampp\\php\\toothless\\APIgateway\\ddsgateway\\vendor\\illuminate\\container\\BoundMethod.php(93): Illuminate\\Container\\Util::unwrapIfClosure(Object(Closure))
#16 Z:\\Xampp\\php\\toothless\\APIgateway\\ddsgateway\\vendor\\illuminate\\container\\BoundMethod.php(37): Illuminate\\Container\\BoundMethod::callBoundMethod(Object(Laravel\\Lumen\\Application), Array, Object(Closure))
#17 Z:\\Xampp\\php\\toothless\\APIgateway\\ddsgateway\\vendor\\illuminate\\container\\Container.php(653): Illuminate\\Container\\BoundMethod::call(Object(Laravel\\Lumen\\Application), Array, Array, NULL)
#18 Z:\\Xampp\\php\\toothless\\APIgateway\\ddsgateway\\vendor\\laravel\\lumen-framework\\src\\Concerns\\RoutesRequests.php(389): Illuminate\\Container\\Container->call(Array, Array)
#19 Z:\\Xampp\\php\\toothless\\APIgateway\\ddsgateway\\vendor\\laravel\\lumen-framework\\src\\Concerns\\RoutesRequests.php(355): Laravel\\Lumen\\Application->callControllerCallable(Array, Array)
#20 Z:\\Xampp\\php\\toothless\\APIgateway\\ddsgateway\\vendor\\laravel\\lumen-framework\\src\\Concerns\\RoutesRequests.php(329): Laravel\\Lumen\\Application->callLumenController(Object(App\\Http\\Controllers\\User1Controller), 'add', Array)
#21 Z:\\Xampp\\php\\toothless\\APIgateway\\ddsgateway\\vendor\\laravel\\lumen-framework\\src\\Concerns\\RoutesRequests.php(282): Laravel\\Lumen\\Application->callControllerAction(Array)
#22 Z:\\Xampp\\php\\toothless\\APIgateway\\ddsgateway\\vendor\\laravel\\lumen-framework\\src\\Concerns\\RoutesRequests.php(267): Laravel\\Lumen\\Application->callActionOnArrayBasedRoute(Array)
#23 Z:\\Xampp\\php\\toothless\\APIgateway\\ddsgateway\\vendor\\laravel\\lumen-framework\\src\\Concerns\\RoutesRequests.php(169): Laravel\\Lumen\\Application->handleFoundRoute(Array)
#24 Z:\\Xampp\\php\\toothless\\APIgateway\\ddsgateway\\vendor\\laravel\\lumen-framework\\src\\Concerns\\RoutesRequests.php(429): Laravel\\Lumen\\Application->Laravel\\Lumen\\Concerns\\{closure}(Object(Laravel\\Lumen\\Http\\Request))
#25 Z:\\Xampp\\php\\toothless\\APIgateway\\ddsgateway\\vendor\\laravel\\lumen-framework\\src\\Concerns\\RoutesRequests.php(175): Laravel\\Lumen\\Application->sendThroughPipeline(Array, Object(Closure))
#26 Z:\\Xampp\\php\\toothless\\APIgateway\\ddsgateway\\vendor\\laravel\\lumen-framework\\src\\Concerns\\RoutesRequests.php(112): Laravel\\Lumen\\Application->dispatch(NULL)
#27 Z:\\Xampp\\php\\toothless\\APIgateway\\ddsgateway\\public\\index.php(28): Laravel\\Lumen\\Application->run()
#28 {main}
"} 
[2022-06-22 03:09:51] local.ERROR: Server error: `POST http://localhost:8000/users` resulted in a `500 Internal Server Error` response:
<!-- SQLSTATE[HY000]: General error: 1364 Field 'Name' doesn't have a default value (SQL: insert into `tbluser` (`id`) v (truncated...)
 {"exception":"[object] (GuzzleHttp\\Exception\\ServerException(code: 500): Server error: `POST http://localhost:8000/users` resulted in a `500 Internal Server Error` response:
<!-- SQLSTATE[HY000]: General error: 1364 Field 'Name' doesn't have a default value (SQL: insert into `tbluser` (`id`) v (truncated...)
 at Z:\\Xampp\\php\\toothless\\APIgateway\\ddsgateway\\vendor\\guzzlehttp\\guzzle\\src\\Exception\\RequestException.php:113)
[stacktrace]
#0 Z:\\Xampp\\php\\toothless\\APIgateway\\ddsgateway\\vendor\\guzzlehttp\\guzzle\\src\\Middleware.php(69): GuzzleHttp\\Exception\\RequestException::create(Object(GuzzleHttp\\Psr7\\Request), Object(GuzzleHttp\\Psr7\\Response), NULL, Array, NULL)
#1 Z:\\Xampp\\php\\toothless\\APIgateway\\ddsgateway\\vendor\\guzzlehttp\\promises\\src\\Promise.php(204): GuzzleHttp\\Middleware::GuzzleHttp\\{closure}(Object(GuzzleHttp\\Psr7\\Response))
#2 Z:\\Xampp\\php\\toothless\\APIgateway\\ddsgateway\\vendor\\guzzlehttp\\promises\\src\\Promise.php(153): GuzzleHttp\\Promise\\Promise::callHandler(1, Object(GuzzleHttp\\Psr7\\Response), NULL)
#3 Z:\\Xampp\\php\\toothless\\APIgateway\\ddsgateway\\vendor\\guzzlehttp\\promises\\src\\TaskQueue.php(48): GuzzleHttp\\Promise\\Promise::GuzzleHttp\\Promise\\{closure}()
#4 Z:\\Xampp\\php\\toothless\\APIgateway\\ddsgateway\\vendor\\guzzlehttp\\promises\\src\\Promise.php(248): GuzzleHttp\\Promise\\TaskQueue->run(true)
#5 Z:\\Xampp\\php\\toothless\\APIgateway\\ddsgateway\\vendor\\guzzlehttp\\promises\\src\\Promise.php(224): GuzzleHttp\\Promise\\Promise->invokeWaitFn()
#6 Z:\\Xampp\\php\\toothless\\APIgateway\\ddsgateway\\vendor\\guzzlehttp\\promises\\src\\Promise.php(269): GuzzleHttp\\Promise\\Promise->waitIfPending()
#7 Z:\\Xampp\\php\\toothless\\APIgateway\\ddsgateway\\vendor\\guzzlehttp\\promises\\src\\Promise.php(226): GuzzleHttp\\Promise\\Promise->invokeWaitList()
#8 Z:\\Xampp\\php\\toothless\\APIgateway\\ddsgateway\\vendor\\guzzlehttp\\promises\\src\\Promise.php(62): GuzzleHttp\\Promise\\Promise->waitIfPending()
#9 Z:\\Xampp\\php\\toothless\\APIgateway\\ddsgateway\\vendor\\guzzlehttp\\guzzle\\src\\Client.php(187): GuzzleHttp\\Promise\\Promise->wait()
#10 Z:\\Xampp\\php\\toothless\\APIgateway\\ddsgateway\\app\\traits\\ConsumesExternalService.php(18): GuzzleHttp\\Client->request('POST', '/users', Array)
#11 Z:\\Xampp\\php\\toothless\\APIgateway\\ddsgateway\\app\\Services\\User1Service.php(23): App\\Services\\User1Service->performRequest('POST', '/users', Array)
#12 Z:\\Xampp\\php\\toothless\\APIgateway\\ddsgateway\\app\\Http\\Controllers\\User1Controller.php(42): App\\Services\\User1Service->createUser1(Array, 201)
#13 Z:\\Xampp\\php\\toothless\\APIgateway\\ddsgateway\\vendor\\illuminate\\container\\BoundMethod.php(36): App\\Http\\Controllers\\User1Controller->add(Object(Laravel\\Lumen\\Http\\Request))
#14 Z:\\Xampp\\php\\toothless\\APIgateway\\ddsgateway\\vendor\\illuminate\\container\\Util.php(40): Illuminate\\Container\\BoundMethod::Illuminate\\Container\\{closure}()
#15 Z:\\Xampp\\php\\toothless\\APIgateway\\ddsgateway\\vendor\\illuminate\\container\\BoundMethod.php(93): Illuminate\\Container\\Util::unwrapIfClosure(Object(Closure))
#16 Z:\\Xampp\\php\\toothless\\APIgateway\\ddsgateway\\vendor\\illuminate\\container\\BoundMethod.php(37): Illuminate\\Container\\BoundMethod::callBoundMethod(Object(Laravel\\Lumen\\Application), Array, Object(Closure))
#17 Z:\\Xampp\\php\\toothless\\APIgateway\\ddsgateway\\vendor\\illuminate\\container\\Container.php(653): Illuminate\\Container\\BoundMethod::call(Object(Laravel\\Lumen\\Application), Array, Array, NULL)
#18 Z:\\Xampp\\php\\toothless\\APIgateway\\ddsgateway\\vendor\\laravel\\lumen-framework\\src\\Concerns\\RoutesRequests.php(389): Illuminate\\Container\\Container->call(Array, Array)
#19 Z:\\Xampp\\php\\toothless\\APIgateway\\ddsgateway\\vendor\\laravel\\lumen-framework\\src\\Concerns\\RoutesRequests.php(355): Laravel\\Lumen\\Application->callControllerCallable(Array, Array)
#20 Z:\\Xampp\\php\\toothless\\APIgateway\\ddsgateway\\vendor\\laravel\\lumen-framework\\src\\Concerns\\RoutesRequests.php(329): Laravel\\Lumen\\Application->callLumenController(Object(App\\Http\\Controllers\\User1Controller), 'add', Array)
#21 Z:\\Xampp\\php\\toothless\\APIgateway\\ddsgateway\\vendor\\laravel\\lumen-framework\\src\\Concerns\\RoutesRequests.php(282): Laravel\\Lumen\\Application->callControllerAction(Array)
#22 Z:\\Xampp\\php\\toothless\\APIgateway\\ddsgateway\\vendor\\laravel\\lumen-framework\\src\\Concerns\\RoutesRequests.php(267): Laravel\\Lumen\\Application->callActionOnArrayBasedRoute(Array)
#23 Z:\\Xampp\\php\\toothless\\APIgateway\\ddsgateway\\vendor\\laravel\\lumen-framework\\src\\Concerns\\RoutesRequests.php(169): Laravel\\Lumen\\Application->handleFoundRoute(Array)
#24 Z:\\Xampp\\php\\toothless\\APIgateway\\ddsgateway\\vendor\\laravel\\lumen-framework\\src\\Concerns\\RoutesRequests.php(429): Laravel\\Lumen\\Application->Laravel\\Lumen\\Concerns\\{closure}(Object(Laravel\\Lumen\\Http\\Request))
#25 Z:\\Xampp\\php\\toothless\\APIgateway\\ddsgateway\\vendor\\laravel\\lumen-framework\\src\\Concerns\\RoutesRequests.php(175): Laravel\\Lumen\\Application->sendThroughPipeline(Array, Object(Closure))
#26 Z:\\Xampp\\php\\toothless\\APIgateway\\ddsgateway\\vendor\\laravel\\lumen-framework\\src\\Concerns\\RoutesRequests.php(112): Laravel\\Lumen\\Application->dispatch(NULL)
#27 Z:\\Xampp\\php\\toothless\\APIgateway\\ddsgateway\\public\\index.php(28): Laravel\\Lumen\\Application->run()
#28 {main}
"} 
[2022-06-22 03:12:57] local.ERROR: Server error: `POST http://localhost:8000/users` resulted in a `500 Internal Server Error` response:
<!-- SQLSTATE[23000]: Integrity constraint violation: 1062 Duplicate entry '1' for key 'PRIMARY' (SQL: insert into `tblu (truncated...)
 {"exception":"[object] (GuzzleHttp\\Exception\\ServerException(code: 500): Server error: `POST http://localhost:8000/users` resulted in a `500 Internal Server Error` response:
<!-- SQLSTATE[23000]: Integrity constraint violation: 1062 Duplicate entry '1' for key 'PRIMARY' (SQL: insert into `tblu (truncated...)
 at Z:\\Xampp\\php\\toothless\\APIgateway\\ddsgateway\\vendor\\guzzlehttp\\guzzle\\src\\Exception\\RequestException.php:113)
[stacktrace]
#0 Z:\\Xampp\\php\\toothless\\APIgateway\\ddsgateway\\vendor\\guzzlehttp\\guzzle\\src\\Middleware.php(69): GuzzleHttp\\Exception\\RequestException::create(Object(GuzzleHttp\\Psr7\\Request), Object(GuzzleHttp\\Psr7\\Response), NULL, Array, NULL)
#1 Z:\\Xampp\\php\\toothless\\APIgateway\\ddsgateway\\vendor\\guzzlehttp\\promises\\src\\Promise.php(204): GuzzleHttp\\Middleware::GuzzleHttp\\{closure}(Object(GuzzleHttp\\Psr7\\Response))
#2 Z:\\Xampp\\php\\toothless\\APIgateway\\ddsgateway\\vendor\\guzzlehttp\\promises\\src\\Promise.php(153): GuzzleHttp\\Promise\\Promise::callHandler(1, Object(GuzzleHttp\\Psr7\\Response), NULL)
#3 Z:\\Xampp\\php\\toothless\\APIgateway\\ddsgateway\\vendor\\guzzlehttp\\promises\\src\\TaskQueue.php(48): GuzzleHttp\\Promise\\Promise::GuzzleHttp\\Promise\\{closure}()
#4 Z:\\Xampp\\php\\toothless\\APIgateway\\ddsgateway\\vendor\\guzzlehttp\\promises\\src\\Promise.php(248): GuzzleHttp\\Promise\\TaskQueue->run(true)
#5 Z:\\Xampp\\php\\toothless\\APIgateway\\ddsgateway\\vendor\\guzzlehttp\\promises\\src\\Promise.php(224): GuzzleHttp\\Promise\\Promise->invokeWaitFn()
#6 Z:\\Xampp\\php\\toothless\\APIgateway\\ddsgateway\\vendor\\guzzlehttp\\promises\\src\\Promise.php(269): GuzzleHttp\\Promise\\Promise->waitIfPending()
#7 Z:\\Xampp\\php\\toothless\\APIgateway\\ddsgateway\\vendor\\guzzlehttp\\promises\\src\\Promise.php(226): GuzzleHttp\\Promise\\Promise->invokeWaitList()
#8 Z:\\Xampp\\php\\toothless\\APIgateway\\ddsgateway\\vendor\\guzzlehttp\\promises\\src\\Promise.php(62): GuzzleHttp\\Promise\\Promise->waitIfPending()
#9 Z:\\Xampp\\php\\toothless\\APIgateway\\ddsgateway\\vendor\\guzzlehttp\\guzzle\\src\\Client.php(187): GuzzleHttp\\Promise\\Promise->wait()
#10 Z:\\Xampp\\php\\toothless\\APIgateway\\ddsgateway\\app\\traits\\ConsumesExternalService.php(18): GuzzleHttp\\Client->request('POST', '/users', Array)
#11 Z:\\Xampp\\php\\toothless\\APIgateway\\ddsgateway\\app\\Services\\User1Service.php(23): App\\Services\\User1Service->performRequest('POST', '/users', Array)
#12 Z:\\Xampp\\php\\toothless\\APIgateway\\ddsgateway\\app\\Http\\Controllers\\User1Controller.php(42): App\\Services\\User1Service->createUser1(Array, 201)
#13 Z:\\Xampp\\php\\toothless\\APIgateway\\ddsgateway\\vendor\\illuminate\\container\\BoundMethod.php(36): App\\Http\\Controllers\\User1Controller->add(Object(Laravel\\Lumen\\Http\\Request))
#14 Z:\\Xampp\\php\\toothless\\APIgateway\\ddsgateway\\vendor\\illuminate\\container\\Util.php(40): Illuminate\\Container\\BoundMethod::Illuminate\\Container\\{closure}()
#15 Z:\\Xampp\\php\\toothless\\APIgateway\\ddsgateway\\vendor\\illuminate\\container\\BoundMethod.php(93): Illuminate\\Container\\Util::unwrapIfClosure(Object(Closure))
#16 Z:\\Xampp\\php\\toothless\\APIgateway\\ddsgateway\\vendor\\illuminate\\container\\BoundMethod.php(37): Illuminate\\Container\\BoundMethod::callBoundMethod(Object(Laravel\\Lumen\\Application), Array, Object(Closure))
#17 Z:\\Xampp\\php\\toothless\\APIgateway\\ddsgateway\\vendor\\illuminate\\container\\Container.php(653): Illuminate\\Container\\BoundMethod::call(Object(Laravel\\Lumen\\Application), Array, Array, NULL)
#18 Z:\\Xampp\\php\\toothless\\APIgateway\\ddsgateway\\vendor\\laravel\\lumen-framework\\src\\Concerns\\RoutesRequests.php(389): Illuminate\\Container\\Container->call(Array, Array)
#19 Z:\\Xampp\\php\\toothless\\APIgateway\\ddsgateway\\vendor\\laravel\\lumen-framework\\src\\Concerns\\RoutesRequests.php(355): Laravel\\Lumen\\Application->callControllerCallable(Array, Array)
#20 Z:\\Xampp\\php\\toothless\\APIgateway\\ddsgateway\\vendor\\laravel\\lumen-framework\\src\\Concerns\\RoutesRequests.php(329): Laravel\\Lumen\\Application->callLumenController(Object(App\\Http\\Controllers\\User1Controller), 'add', Array)
#21 Z:\\Xampp\\php\\toothless\\APIgateway\\ddsgateway\\vendor\\laravel\\lumen-framework\\src\\Concerns\\RoutesRequests.php(282): Laravel\\Lumen\\Application->callControllerAction(Array)
#22 Z:\\Xampp\\php\\toothless\\APIgateway\\ddsgateway\\vendor\\laravel\\lumen-framework\\src\\Concerns\\RoutesRequests.php(267): Laravel\\Lumen\\Application->callActionOnArrayBasedRoute(Array)
#23 Z:\\Xampp\\php\\toothless\\APIgateway\\ddsgateway\\vendor\\laravel\\lumen-framework\\src\\Concerns\\RoutesRequests.php(169): Laravel\\Lumen\\Application->handleFoundRoute(Array)
#24 Z:\\Xampp\\php\\toothless\\APIgateway\\ddsgateway\\vendor\\laravel\\lumen-framework\\src\\Concerns\\RoutesRequests.php(429): Laravel\\Lumen\\Application->Laravel\\Lumen\\Concerns\\{closure}(Object(Laravel\\Lumen\\Http\\Request))
#25 Z:\\Xampp\\php\\toothless\\APIgateway\\ddsgateway\\vendor\\laravel\\lumen-framework\\src\\Concerns\\RoutesRequests.php(175): Laravel\\Lumen\\Application->sendThroughPipeline(Array, Object(Closure))
#26 Z:\\Xampp\\php\\toothless\\APIgateway\\ddsgateway\\vendor\\laravel\\lumen-framework\\src\\Concerns\\RoutesRequests.php(112): Laravel\\Lumen\\Application->dispatch(NULL)
#27 Z:\\Xampp\\php\\toothless\\APIgateway\\ddsgateway\\public\\index.php(28): Laravel\\Lumen\\Application->run()
#28 {main}
"} 
